[
  {
    "line": 2,
    "elements": [
      {
        "line": 4,
        "name": "",
        "description": "",
        "type": "background",
        "keyword": "Background",
        "steps": [
          {
            "result": {
              "duration": 1135545464,
              "error_message": "net.thucydides.core.webdriver.UnsupportedDriverException: Could not instantiate class org.openqa.selenium.chrome.ChromeDriver\r\n\tat net.thucydides.core.webdriver.WebDriverFacade.newDriverInstance(WebDriverFacade.java:151)\r\n\tat net.thucydides.core.webdriver.WebDriverFacade.newProxyDriver(WebDriverFacade.java:138)\r\n\tat net.thucydides.core.webdriver.WebDriverFacade.getProxiedDriver(WebDriverFacade.java:108)\r\n\tat net.thucydides.core.webdriver.WebDriverFacade.openIgnoringHtmlUnitScriptErrors(WebDriverFacade.java:183)\r\n\tat net.thucydides.core.webdriver.WebDriverFacade.get(WebDriverFacade.java:178)\r\n\tat net.serenitybdd.core.pages.PageObject.openPageAtUrl(PageObject.java:827)\r\n\tat net.serenitybdd.core.pages.PageObject.open(PageObject.java:737)\r\n\tat net.serenitybdd.core.pages.PageObject.open(PageObject.java:725)\r\n\tat goodJob.steps.loginStep.openUrl(loginStep.java:12)\r\n\tat goodJob.steps.loginStep$$EnhancerByCGLIB$$7936ec44.CGLIB$openUrl$3(\u003cgenerated\u003e)\r\n\tat goodJob.steps.loginStep$$EnhancerByCGLIB$$7936ec44$$FastClassByCGLIB$$c7d34c09.invoke(\u003cgenerated\u003e)\r\n\tat net.sf.cglib.proxy.MethodProxy.invokeSuper(MethodProxy.java:228)\r\n\tat net.thucydides.core.steps.StepInterceptor.invokeMethod(StepInterceptor.java:395)\r\n\tat net.thucydides.core.steps.StepInterceptor.executeTestStepMethod(StepInterceptor.java:380)\r\n\tat net.thucydides.core.steps.StepInterceptor.runTestStep(StepInterceptor.java:355)\r\n\tat net.thucydides.core.steps.StepInterceptor.testStepResult(StepInterceptor.java:132)\r\n\tat net.thucydides.core.steps.StepInterceptor.intercept(StepInterceptor.java:61)\r\n\tat goodJob.steps.loginStep$$EnhancerByCGLIB$$7936ec44.openUrl(\u003cgenerated\u003e)\r\n\tat goodJob.DefinitionTestSuite.user_login_with_and_password_is(DefinitionTestSuite.java:71)\r\n\tat âœ½.Given User login with \"admin@yopmail.com\" and password is \"1\"(features/UpdateUserProfile.feature:5)\r\nCaused by: net.thucydides.core.webdriver.UnsupportedDriverException: Could not instantiate new WebDriver instance of type class org.openqa.selenium.chrome.ChromeDriver (The driver executable is a directory: D:\\Driver\r\n\tat net.thucydides.core.webdriver.WebDriverFactory.newWebdriverInstance(WebDriverFactory.java:135)\r\n\tat net.thucydides.core.webdriver.WebDriverFacade.newDriverInstance(WebDriverFacade.java:147)\r\n\tat net.thucydides.core.webdriver.WebDriverFacade.newProxyDriver(WebDriverFacade.java:138)\r\n\tat net.thucydides.core.webdriver.WebDriverFacade.getProxiedDriver(WebDriverFacade.java:108)\r\n\tat net.thucydides.core.webdriver.WebDriverFacade.openIgnoringHtmlUnitScriptErrors(WebDriverFacade.java:183)\r\n\tat net.thucydides.core.webdriver.WebDriverFacade.get(WebDriverFacade.java:178)\r\n\tat net.serenitybdd.core.pages.PageObject.openPageAtUrl(PageObject.java:827)\r\n\tat net.serenitybdd.core.pages.PageObject.open(PageObject.java:737)\r\n\tat net.serenitybdd.core.pages.PageObject.open(PageObject.java:725)\r\n\tat goodJob.steps.loginStep.openUrl(loginStep.java:12)\r\n\tat goodJob.steps.loginStep$$EnhancerByCGLIB$$7936ec44.CGLIB$openUrl$3(\u003cgenerated\u003e)\r\n\tat goodJob.steps.loginStep$$EnhancerByCGLIB$$7936ec44$$FastClassByCGLIB$$c7d34c09.invoke(\u003cgenerated\u003e)\r\n\tat net.sf.cglib.proxy.MethodProxy.invokeSuper(MethodProxy.java:228)\r\n\tat net.thucydides.core.steps.StepInterceptor.invokeMethod(StepInterceptor.java:395)\r\n\tat net.thucydides.core.steps.StepInterceptor.executeTestStepMethod(StepInterceptor.java:380)\r\n\tat net.thucydides.core.steps.StepInterceptor.runTestStep(StepInterceptor.java:355)\r\n\tat net.thucydides.core.steps.StepInterceptor.testStepResult(StepInterceptor.java:132)\r\n\tat net.thucydides.core.steps.StepInterceptor.intercept(StepInterceptor.java:61)\r\n\tat goodJob.steps.loginStep$$EnhancerByCGLIB$$7936ec44.openUrl(\u003cgenerated\u003e)\r\n\tat goodJob.DefinitionTestSuite.user_login_with_and_password_is(DefinitionTestSuite.java:71)\r\n\tat sun.reflect.NativeMethodAccessorImpl.invoke0(Native Method)\r\n\tat sun.reflect.NativeMethodAccessorImpl.invoke(NativeMethodAccessorImpl.java:62)\r\n\tat sun.reflect.DelegatingMethodAccessorImpl.invoke(DelegatingMethodAccessorImpl.java:43)\r\n\tat java.lang.reflect.Method.invoke(Method.java:498)\r\n\tat cucumber.runtime.Utils$1.call(Utils.java:40)\r\n\tat cucumber.runtime.Timeout.timeout(Timeout.java:16)\r\n\tat cucumber.runtime.Utils.invoke(Utils.java:34)\r\n\tat cucumber.runtime.java.JavaStepDefinition.execute(JavaStepDefinition.java:38)\r\n\tat cucumber.runtime.StepDefinitionMatch.runStep(StepDefinitionMatch.java:37)\r\n\tat cucumber.runtime.Runtime.runStep(Runtime.java:300)\r\n\tat cucumber.runtime.model.StepContainer.runStep(StepContainer.java:44)\r\n\tat cucumber.runtime.model.StepContainer.runSteps(StepContainer.java:39)\r\n\tat cucumber.runtime.model.CucumberScenario.runBackground(CucumberScenario.java:59)\r\n\tat cucumber.runtime.model.CucumberScenario.run(CucumberScenario.java:42)\r\n\tat cucumber.runtime.junit.ExecutionUnitRunner.run(ExecutionUnitRunner.java:102)\r\n\tat cucumber.runtime.junit.FeatureRunner.runChild(FeatureRunner.java:63)\r\n\tat cucumber.runtime.junit.FeatureRunner.runChild(FeatureRunner.java:18)\r\n\tat org.junit.runners.ParentRunner$3.run(ParentRunner.java:290)\r\n\tat org.junit.runners.ParentRunner$1.schedule(ParentRunner.java:71)\r\n\tat org.junit.runners.ParentRunner.runChildren(ParentRunner.java:288)\r\n\tat org.junit.runners.ParentRunner.access$000(ParentRunner.java:58)\r\n\tat org.junit.runners.ParentRunner$2.evaluate(ParentRunner.java:268)\r\n\tat org.junit.runners.ParentRunner.run(ParentRunner.java:363)\r\n\tat cucumber.runtime.junit.FeatureRunner.run(FeatureRunner.java:70)\r\n\tat cucumber.api.junit.Cucumber.runChild(Cucumber.java:95)\r\n\tat cucumber.api.junit.Cucumber.runChild(Cucumber.java:38)\r\n\tat org.junit.runners.ParentRunner$3.run(ParentRunner.java:290)\r\n\tat org.junit.runners.ParentRunner$1.schedule(ParentRunner.java:71)\r\n\tat org.junit.runners.ParentRunner.runChildren(ParentRunner.java:288)\r\n\tat org.junit.runners.ParentRunner.access$000(ParentRunner.java:58)\r\n\tat org.junit.runners.ParentRunner$2.evaluate(ParentRunner.java:268)\r\n\tat org.junit.runners.ParentRunner.run(ParentRunner.java:363)\r\n\tat cucumber.api.junit.Cucumber.run(Cucumber.java:100)\r\n\tat org.apache.maven.surefire.junit4.JUnit4Provider.execute(JUnit4Provider.java:367)\r\n\tat org.apache.maven.surefire.junit4.JUnit4Provider.executeWithRerun(JUnit4Provider.java:274)\r\n\tat org.apache.maven.surefire.junit4.JUnit4Provider.executeTestSet(JUnit4Provider.java:238)\r\n\tat org.apache.maven.surefire.junit4.JUnit4Provider.invoke(JUnit4Provider.java:161)\r\n\tat org.apache.maven.surefire.booter.ForkedBooter.invokeProviderInSameClassLoader(ForkedBooter.java:290)\r\n\tat org.apache.maven.surefire.booter.ForkedBooter.runSuitesInProcess(ForkedBooter.java:242)\r\n\tat org.apache.maven.surefire.booter.ForkedBooter.main(ForkedBooter.java:121)\r\nCaused by: java.lang.IllegalStateException: The driver executable is a directory: D:\\Driver\r\n\tat com.google.common.base.Preconditions.checkState(Preconditions.java:518)\r\n\tat net.serenitybdd.core.webdriver.servicepools.DriverServiceExecutable.checkExecutable(DriverServiceExecutable.java:118)\r\n\tat net.serenitybdd.core.webdriver.servicepools.DriverServiceExecutable.checkForMissingBinaries(DriverServiceExecutable.java:111)\r\n\tat net.serenitybdd.core.webdriver.servicepools.DriverServiceExecutable.asAFile(DriverServiceExecutable.java:98)\r\n\tat net.serenitybdd.core.webdriver.servicepools.ChromeServicePool.chromeDriverExecutable(ChromeServicePool.java:44)\r\n\tat net.serenitybdd.core.webdriver.servicepools.ChromeServicePool.newDriverService(ChromeServicePool.java:25)\r\n\tat net.serenitybdd.core.webdriver.servicepools.ChromeServicePool.newDriverService(ChromeServicePool.java:12)\r\n\tat net.serenitybdd.core.webdriver.servicepools.DriverServicePool.driverServiceWithName(DriverServicePool.java:54)\r\n\tat net.serenitybdd.core.webdriver.servicepools.DriverServicePool.getDriverService(DriverServicePool.java:45)\r\n\tat net.serenitybdd.core.webdriver.servicepools.DriverServicePool.start(DriverServicePool.java:60)\r\n\tat net.serenitybdd.core.webdriver.servicepools.DriverServicePool.ensureServiceIsRunning(DriverServicePool.java:86)\r\n\tat net.serenitybdd.core.webdriver.driverproviders.ChromeDriverProvider.getDriverServicePool(ChromeDriverProvider.java:29)\r\n\tat net.serenitybdd.core.webdriver.driverproviders.ChromeDriverProvider.newInstance(ChromeDriverProvider.java:48)\r\n\tat net.thucydides.core.webdriver.WebDriverFactory.newWebdriverInstance(WebDriverFactory.java:125)\r\n\t... 59 more\r\n",
              "status": "failed"
            },
            "line": 5,
            "name": "User login with \"admin@yopmail.com\" and password is \"1\"",
            "match": {
              "arguments": [
                {
                  "val": "admin@yopmail.com",
                  "offset": 17
                },
                {
                  "val": "1",
                  "offset": 53
                }
              ],
              "location": "DefinitionTestSuite.user_login_with_and_password_is(String,String)"
            },
            "keyword": "Given "
          }
        ]
      },
      {
        "line": 8,
        "name": "Update Profile",
        "description": "",
        "id": "update-user-profile;update-profile",
        "type": "scenario",
        "keyword": "Scenario",
        "steps": [
          {
            "result": {
              "status": "skipped"
            },
            "line": 9,
            "name": "Show User Menu",
            "match": {
              "location": "DefinitionTestSuite.show_User_Menu()"
            },
            "keyword": "And "
          },
          {
            "result": {
              "status": "skipped"
            },
            "line": 10,
            "name": "Open User profile screen",
            "match": {
              "location": "DefinitionTestSuite.open_User_profile_screen()"
            },
            "keyword": "And "
          },
          {
            "result": {
              "status": "skipped"
            },
            "line": 11,
            "name": "Update User Profile with First Name is \"First name is Updated\" and Last Name is \"Last name is Updated\"",
            "match": {
              "arguments": [
                {
                  "val": "First name is Updated",
                  "offset": 40
                },
                {
                  "val": "Last name is Updated",
                  "offset": 81
                }
              ],
              "location": "DefinitionTestSuite.update_User_Profile(String,String)"
            },
            "keyword": "And "
          },
          {
            "result": {
              "status": "skipped"
            },
            "line": 12,
            "name": "Back to Home Page",
            "match": {
              "location": "DefinitionTestSuite.back_to_Home_Page()"
            },
            "keyword": "Then "
          }
        ]
      }
    ],
    "name": "Update User Profile",
    "description": "",
    "id": "update-user-profile",
    "keyword": "Feature",
    "uri": "features/UpdateUserProfile.feature"
  }
]