-------------------------------------------------------------------------------
Test set: goodJob.gJobTestSuite
-------------------------------------------------------------------------------
Tests run: 6, Failures: 0, Errors: 2, Skipped: 4, Time elapsed: 6.539 sec <<< FAILURE! - in goodJob.gJobTestSuite
Given User login with "admin@yopmail.com" and password is "1"(Scenario: Update Profile)  Time elapsed: 0.012 sec  <<< ERROR!
net.thucydides.core.webdriver.UnsupportedDriverException: Could not instantiate class org.openqa.selenium.chrome.ChromeDriver
Caused by: net.thucydides.core.webdriver.UnsupportedDriverException: Could not instantiate new WebDriver instance of type class org.openqa.selenium.chrome.ChromeDriver (The driver executable is a directory: D:\Driver
Caused by: java.lang.IllegalStateException: The driver executable is a directory: D:\Driver

Scenario: Update Profile  Time elapsed: 0.014 sec  <<< ERROR!
net.thucydides.core.webdriver.UnsupportedDriverException: Could not instantiate class org.openqa.selenium.chrome.ChromeDriver
Caused by: net.thucydides.core.webdriver.UnsupportedDriverException: Could not instantiate new WebDriver instance of type class org.openqa.selenium.chrome.ChromeDriver (The driver executable is a directory: D:\Driver
Caused by: java.lang.IllegalStateException: The driver executable is a directory: D:\Driver

